<?xml version="1.0" encoding="UTF-8"?>
<testsuite name="CaesarTest" tests="1" skipped="0" failures="0" errors="0" timestamp="2021-06-17T11:19:23" hostname="moringa-hp-probook-650-g5" time="0.002">
  <properties/>
  <testcase name="testEncryptWithShift10" classname="CaesarTest" time="0.002"/>
  <system-out><![CDATA[]]></system-out>
  <system-err><![CDATA[]]></system-err>
</testsuite>
