<?xml version="1.0" encoding="UTF-8"?>
<testsuite name="CaesarTest" tests="1" skipped="0" failures="0" errors="0" timestamp="2021-06-17T08:26:59" hostname="moringa-hp-probook-650-g5" time="0.003">
  <properties/>
  <testcase name="NewCaesarObjectGetsCorrectlyCreated_true" classname="CaesarTest" time="0.003"/>
  <system-out><![CDATA[]]></system-out>
  <system-err><![CDATA[]]></system-err>
</testsuite>
